<?xml version="1.0" encoding="UTF-8" ?><testsuite errors="0" name="jasmine.specs" tests="4" failures="4" skipped="0" hostname="localhost" time="0.0" timestamp="2012-02-29T08:26:13"><testcase classname="jasmine" name="greetings say hi" time="0.0" failure="true"><error type="expect.undefined" message="ReferenceError: &quot;greetings&quot; is not defined. in file:/D:/workspace/slide/target/jasmine/test-js/slideTest.js (line 3)">ReferenceError: &quot;greetings&quot; is not defined. in file:/D:/workspace/slide/target/jasmine/test-js/slideTest.js (line 3)</error></testcase><testcase classname="jasmine" name="greetings say goodbye" time="0.0" failure="true"><error type="expect.undefined" message="ReferenceError: &quot;greetings&quot; is not defined. in file:/D:/workspace/slide/target/jasmine/test-js/slideTest.js (line 7)">ReferenceError: &quot;greetings&quot; is not defined. in file:/D:/workspace/slide/target/jasmine/test-js/slideTest.js (line 7)</error></testcase><testcase classname="jasmine" name="Test with dom should say hi in dom" time="0.0" failure="true"><error type="expect.undefined" message="ReferenceError: &quot;greetings&quot; is not defined. in file:/D:/workspace/slide/target/jasmine/test-js/slideTest.js (line 21)">ReferenceError: &quot;greetings&quot; is not defined. in file:/D:/workspace/slide/target/jasmine/test-js/slideTest.js (line 21)</error></testcase><testcase classname="jasmine" name="Test with dom goodbye say is not hi in dom" time="0.0" failure="true"><error type="expect.undefined" message="ReferenceError: &quot;greetings&quot; is not defined. in file:/D:/workspace/slide/target/jasmine/test-js/slideTest.js (line 26)">ReferenceError: &quot;greetings&quot; is not defined. in file:/D:/workspace/slide/target/jasmine/test-js/slideTest.js (line 26)</error></testcase></testsuite>